#0 building with "default" instance using docker driver

#1 [internal] load build definition from Dockerfile
#1 transferring dockerfile: 1.27kB done
#1 DONE 0.0s

#2 [internal] load metadata for docker.io/oven/bun:alpine
#2 DONE 2.1s

#3 [internal] load .dockerignore
#3 transferring context: 163B done
#3 DONE 0.0s

#4 [base 1/2] FROM docker.io/oven/bun:alpine@sha256:5acc90a93e91ff07bf72aa90a7c9f0fa189765aec90b47bdbf2152d2196383c0
#4 resolve docker.io/oven/bun:alpine@sha256:5acc90a93e91ff07bf72aa90a7c9f0fa189765aec90b47bdbf2152d2196383c0 0.0s done
#4 DONE 0.0s

#5 [base 2/2] WORKDIR /app
#5 CACHED

#6 [release 1/5] RUN apk add --no-cache libstdc++ libgcc
#6 CACHED

#7 [internal] load build context
#7 transferring context: 2.52kB done
#7 DONE 0.0s

#8 [install 1/7] RUN apk add --no-cache python3 make g++ linux-headers
#8 CACHED

#9 [install 2/7] RUN mkdir -p /temp/dev
#9 CACHED

#10 [install 3/7] COPY package.json bun.lock* /temp/dev/
#10 CACHED

#11 [install 4/7] RUN cd /temp/dev && bun install
#11 0.162 bun install v1.3.14 (0d9b296a)
#11 480.2 error: Integrity check failed for tarball: @types/node
#11 516.9 prebuild-install warn install 'better-sqlite3' is not yet supported in Bun.
#11 516.9 Track the status in https://github.com/oven-sh/bun/issues/4290
#11 516.9 In the meantime, you could try bun:sqlite which has a similar API.
#11 516.9 gyp info it worked if it ends with ok
#11 516.9 gyp info using node-gyp@8.4.1
#11 516.9 gyp info using node@24.3.0 | linux | x64
#11 516.9 gyp info find Python using Python version 3.12.13 found at "/usr/bin/python3"
#11 516.9 gyp http GET https://nodejs.org/download/release/v24.3.0/node-v24.3.0-headers.tar.gz
#11 516.9 gyp http 200 https://nodejs.org/download/release/v24.3.0/node-v24.3.0-headers.tar.gz
#11 516.9 gyp http GET https://nodejs.org/download/release/v24.3.0/SHASUMS256.txt
#11 516.9 gyp http 200 https://nodejs.org/download/release/v24.3.0/SHASUMS256.txt
#11 516.9 gyp info spawn /usr/bin/python3
#11 516.9 gyp info spawn args [
#11 516.9 gyp info spawn args   '/temp/dev/node_modules/node-gyp/gyp/gyp_main.py',
#11 516.9 gyp info spawn args   'binding.gyp',
#11 516.9 gyp info spawn args   '-f',
#11 516.9 gyp info spawn args   'make',
#11 516.9 gyp info spawn args   '-I',
#11 516.9 gyp info spawn args   '/temp/dev/node_modules/better-sqlite3/build/config.gypi',
#11 516.9 gyp info spawn args   '-I',
#11 516.9 gyp info spawn args   '/temp/dev/node_modules/node-gyp/addon.gypi',
#11 516.9 gyp info spawn args   '-I',
#11 516.9 gyp info spawn args   '/root/.cache/node-gyp/24.3.0/include/node/common.gypi',
#11 516.9 gyp info spawn args   '-Dlibrary=shared_library',
#11 516.9 gyp info spawn args   '-Dvisibility=default',
#11 516.9 gyp info spawn args   '-Dnode_root_dir=/root/.cache/node-gyp/24.3.0',
#11 516.9 gyp info spawn args   '-Dnode_gyp_dir=/temp/dev/node_modules/node-gyp',
#11 516.9 gyp info spawn args   '-Dnode_lib_file=/root/.cache/node-gyp/24.3.0/<(target_arch)/node.lib',
#11 516.9 gyp info spawn args   '-Dmodule_root_dir=/temp/dev/node_modules/better-sqlite3',
#11 516.9 gyp info spawn args   '-Dnode_engine=v8',
#11 516.9 gyp info spawn args   '--depth=.',
#11 516.9 gyp info spawn args   '--no-parallel',
#11 516.9 gyp info spawn args   '--generator-output',
#11 516.9 gyp info spawn args   'build',
#11 516.9 gyp info spawn args   '-Goutput_dir=.'
#11 516.9 gyp info spawn args ]
#11 516.9 Traceback (most recent call last):
#11 516.9   File "/temp/dev/node_modules/node-gyp/gyp/gyp_main.py", line 42, in <module>
#11 516.9     import gyp  # noqa: E402
#11 516.9     ^^^^^^^^^^
#11 516.9   File "/temp/dev/node_modules/node-gyp/gyp/pylib/gyp/__init__.py", line 9, in <module>
#11 516.9     import gyp.input
#11 516.9   File "/temp/dev/node_modules/node-gyp/gyp/pylib/gyp/input.py", line 19, in <module>
#11 516.9     from distutils.version import StrictVersion
#11 516.9 ModuleNotFoundError: No module named 'distutils'
#11 516.9 gyp ERR! configure error 
#11 516.9 gyp ERR! stack Error: `gyp` failed with exit code: 1
#11 516.9 gyp ERR! stack     at onCpExit (/temp/dev/node_modules/node-gyp/lib/configure.js:259:20)
#11 516.9 gyp ERR! stack     at emit (node:events:98:22)
#11 516.9 gyp ERR! stack     at #handleOnExit (node:child_process:520:14)
#11 516.9 gyp ERR! stack     at processTicksAndRejections (native:7:39)
#11 516.9 gyp ERR! System Linux 6.17.4-76061704-generic
#11 516.9 gyp ERR! command "/usr/local/bin/bun" "/temp/dev/node_modules/.bin/node-gyp" "rebuild" "--release"
#11 516.9 gyp ERR! cwd /temp/dev/node_modules/better-sqlite3
#11 516.9 gyp ERR! node -v v24.3.0
#11 516.9 gyp ERR! node-gyp -v v8.4.1
#11 516.9 gyp ERR! not ok 
#11 516.9 
#11 516.9 error: install script from "better-sqlite3" exited with 1
#11 ERROR: process "/bin/sh -c cd /temp/dev && bun install" did not complete successfully: exit code: 1
------
 > [install 4/7] RUN cd /temp/dev && bun install:
516.9 gyp ERR! stack     at #handleOnExit (node:child_process:520:14)
516.9 gyp ERR! stack     at processTicksAndRejections (native:7:39)
516.9 gyp ERR! System Linux 6.17.4-76061704-generic
516.9 gyp ERR! command "/usr/local/bin/bun" "/temp/dev/node_modules/.bin/node-gyp" "rebuild" "--release"
516.9 gyp ERR! cwd /temp/dev/node_modules/better-sqlite3
516.9 gyp ERR! node -v v24.3.0
516.9 gyp ERR! node-gyp -v v8.4.1
516.9 gyp ERR! not ok 
516.9 
516.9 error: install script from "better-sqlite3" exited with 1
------
Dockerfile:13
--------------------
  11 |     RUN mkdir -p /temp/dev
  12 |     COPY package.json bun.lock* /temp/dev/
  13 | >>> RUN cd /temp/dev && bun install
  14 |     
  15 |     # install with --production (exclude devDependencies)
--------------------
ERROR: failed to build: failed to solve: process "/bin/sh -c cd /temp/dev && bun install" did not complete successfully: exit code: 1
